<?xml version="1.0" encoding="UTF-8"?>
<!-- Generated by org.testng.reporters.JUnitReportReporter -->
<testsuite skipped="0" hostname="DESKTOP-OE22EG5" name="testcases.BookingSearch" tests="3" failures="0" timestamp="2022-07-18T18:36:18 MST" time="0.008" errors="0">
  <testcase name="serachHotel" time="0.008" classname="testcases.BookingSearch"/>
  <testcase name="enterGuestInfo" time="0.000" classname="testcases.BookingSearch"/>
  <testcase name="selectHotel" time="0.000" classname="testcases.BookingSearch"/>
</testsuite> <!-- testcases.BookingSearch -->
