<?xml version="1.0" encoding="UTF-8"?>
<!-- Generated by org.testng.reporters.JUnitReportReporter -->
<testsuite skipped="0" hostname="DESKTOP-OE22EG5" name="testcases.PaymentManager" tests="2" failures="0" timestamp="2022-07-18T18:36:18 MST" time="0.001" errors="0">
  <testcase name="applyDiscount" time="0.001" classname="testcases.PaymentManager"/>
  <testcase name="makePayment" time="0.000" classname="testcases.PaymentManager"/>
</testsuite> <!-- testcases.PaymentManager -->
