<?xml version="1.0" encoding="UTF-8"?>
<!-- Generated by org.testng.reporters.JUnitReportReporter -->
<testsuite skipped="0" hostname="DESKTOP-OE22EG5" name="testcases.rediff.Session" tests="1" failures="0" timestamp="2022-07-28T18:01:24 MST" time="7.019" errors="0">
  <testcase name="doLogin" time="7.019" classname="testcases.rediff.Session"/>
</testsuite> <!-- testcases.rediff.Session -->
