<?xml version="1.0" encoding="UTF-8"?>
<!-- Generated by org.testng.reporters.JUnitReportReporter -->
<testsuite skipped="0" hostname="DESKTOP-OE22EG5" name="testcases.CreatePortfolioTest" tests="1" failures="0" timestamp="2022-07-25T12:06:44 MST" time="7.481" errors="0">
  <testcase name="createPortFolioTest" time="7.481" classname="testcases.CreatePortfolioTest"/>
</testsuite> <!-- testcases.CreatePortfolioTest -->
